<?xml version="1.0" encoding="UTF-8"?>
<coverage generated="1695545607105" clover="3.2.0">
  <project timestamp="1695545607105" name="All files">
    <metrics statements="188" coveredstatements="95" conditionals="119" coveredconditionals="36" methods="42" coveredmethods="21" elements="349" coveredelements="152" complexity="0" loc="188" ncloc="188" packages="6" files="16" classes="16"/>
    <package name="src">
      <metrics statements="20" coveredstatements="20" conditionals="11" coveredconditionals="9" methods="7" coveredmethods="7"/>
      <file name="utils.ts" path="/home/ayyub/Desktop/Projects/vue-book-app/src/utils.ts">
        <metrics statements="20" coveredstatements="20" conditionals="11" coveredconditionals="9" methods="7" coveredmethods="7"/>
        <line num="8" count="6" type="stmt"/>
        <line num="9" count="5" type="stmt"/>
        <line num="10" count="5" type="stmt"/>
        <line num="13" count="6" type="stmt"/>
        <line num="14" count="2" type="stmt"/>
        <line num="17" count="6" type="stmt"/>
        <line num="22" count="4" type="stmt"/>
        <line num="26" count="4" type="cond" truecount="4" falsecount="0"/>
        <line num="27" count="2" type="cond" truecount="1" falsecount="1"/>
        <line num="29" count="2" type="cond" truecount="1" falsecount="1"/>
        <line num="33" count="2" type="stmt"/>
        <line num="35" count="2" type="stmt"/>
        <line num="38" count="2" type="stmt"/>
        <line num="41" count="6" type="stmt"/>
        <line num="42" count="1" type="stmt"/>
        <line num="43" count="1" type="stmt"/>
        <line num="44" count="1" type="stmt"/>
        <line num="49" count="6" type="stmt"/>
        <line num="50" count="2" type="stmt"/>
        <line num="51" count="2" type="stmt"/>
      </file>
    </package>
    <package name="src.components">
      <metrics statements="30" coveredstatements="26" conditionals="18" coveredconditionals="16" methods="10" coveredmethods="6"/>
      <file name="LikeBooksNavbar.vue" path="/home/ayyub/Desktop/Projects/vue-book-app/src/components/LikeBooksNavbar.vue">
        <metrics statements="5" coveredstatements="5" conditionals="4" coveredconditionals="4" methods="2" coveredmethods="2"/>
        <line num="3" count="6" type="stmt"/>
        <line num="5" count="6" type="stmt"/>
        <line num="9" count="1" type="stmt"/>
        <line num="16" count="6" type="stmt"/>
        <line num="20" count="1" type="cond" truecount="4" falsecount="0"/>
      </file>
      <file name="LoadingItem.vue" path="/home/ayyub/Desktop/Projects/vue-book-app/src/components/LoadingItem.vue">
        <metrics statements="1" coveredstatements="1" conditionals="0" coveredconditionals="0" methods="0" coveredmethods="0"/>
        <line num="2" count="6" type="stmt"/>
      </file>
      <file name="NavBar.vue" path="/home/ayyub/Desktop/Projects/vue-book-app/src/components/NavBar.vue">
        <metrics statements="7" coveredstatements="7" conditionals="6" coveredconditionals="5" methods="3" coveredmethods="3"/>
        <line num="3" count="6" type="stmt"/>
        <line num="5" count="6" type="stmt"/>
        <line num="9" count="2" type="stmt"/>
        <line num="14" count="6" type="stmt"/>
        <line num="15" count="6" type="stmt"/>
        <line num="17" count="6" type="stmt"/>
        <line num="22" count="1" type="cond" truecount="4" falsecount="0"/>
      </file>
      <file name="SearchBar.vue" path="/home/ayyub/Desktop/Projects/vue-book-app/src/components/SearchBar.vue">
        <metrics statements="4" coveredstatements="2" conditionals="4" coveredconditionals="4" methods="2" coveredmethods="0"/>
        <line num="3" count="0" type="cond" truecount="2" falsecount="0"/>
        <line num="8" count="0" type="stmt"/>
        <line num="10" count="6" type="stmt"/>
        <line num="21" count="3" type="stmt"/>
      </file>
      <file name="bookItem.vue" path="/home/ayyub/Desktop/Projects/vue-book-app/src/components/bookItem.vue">
        <metrics statements="13" coveredstatements="11" conditionals="4" coveredconditionals="3" methods="3" coveredmethods="1"/>
        <line num="2" count="6" type="stmt"/>
        <line num="4" count="6" type="stmt"/>
        <line num="7" count="6" type="stmt"/>
        <line num="9" count="1" type="stmt"/>
        <line num="18" count="6" type="stmt"/>
        <line num="19" count="6" type="stmt"/>
        <line num="20" count="6" type="stmt"/>
        <line num="21" count="6" type="stmt"/>
        <line num="22" count="0" type="stmt"/>
        <line num="25" count="6" type="stmt"/>
        <line num="26" count="6" type="stmt"/>
        <line num="30" count="0" type="cond" truecount="2" falsecount="0"/>
        <line num="47" count="1" type="stmt"/>
      </file>
    </package>
    <package name="src.router">
      <metrics statements="20" coveredstatements="7" conditionals="15" coveredconditionals="3" methods="2" coveredmethods="2"/>
      <file name="index.ts" path="/home/ayyub/Desktop/Projects/vue-book-app/src/router/index.ts">
        <metrics statements="20" coveredstatements="7" conditionals="15" coveredconditionals="3" methods="2" coveredmethods="2"/>
        <line num="6" count="6" type="stmt"/>
        <line num="30" count="2" type="stmt"/>
        <line num="35" count="6" type="stmt"/>
        <line num="36" count="2" type="stmt"/>
        <line num="38" count="2" type="cond" truecount="1" falsecount="1"/>
        <line num="39" count="2" type="cond" truecount="2" falsecount="2"/>
        <line num="40" count="2" type="stmt"/>
        <line num="42" count="0" type="stmt"/>
        <line num="44" count="0" type="cond" truecount="0" falsecount="2"/>
        <line num="45" count="0" type="cond" truecount="0" falsecount="2"/>
        <line num="46" count="0" type="stmt"/>
        <line num="47" count="0" type="stmt"/>
        <line num="48" count="0" type="cond" truecount="0" falsecount="5"/>
        <line num="49" count="0" type="stmt"/>
        <line num="51" count="0" type="stmt"/>
        <line num="52" count="0" type="stmt"/>
        <line num="55" count="0" type="stmt"/>
        <line num="56" count="0" type="stmt"/>
        <line num="59" count="0" type="stmt"/>
        <line num="62" count="0" type="stmt"/>
      </file>
    </package>
    <package name="src.service">
      <metrics statements="9" coveredstatements="9" conditionals="21" coveredconditionals="0" methods="4" coveredmethods="3"/>
      <file name="api.ts" path="/home/ayyub/Desktop/Projects/vue-book-app/src/service/api.ts">
        <metrics statements="6" coveredstatements="6" conditionals="1" coveredconditionals="0" methods="3" coveredmethods="3"/>
        <line num="5" count="7" type="cond" truecount="0" falsecount="1"/>
        <line num="6" count="2" type="stmt"/>
        <line num="11" count="7" type="stmt"/>
        <line num="12" count="1" type="stmt"/>
        <line num="17" count="7" type="stmt"/>
        <line num="18" count="1" type="stmt"/>
      </file>
      <file name="config.ts" path="/home/ayyub/Desktop/Projects/vue-book-app/src/service/config.ts">
        <metrics statements="1" coveredstatements="1" conditionals="0" coveredconditionals="0" methods="0" coveredmethods="0"/>
        <line num="1" count="7" type="stmt"/>
      </file>
      <file name="http.ts" path="/home/ayyub/Desktop/Projects/vue-book-app/src/service/http.ts">
        <metrics statements="1" coveredstatements="1" conditionals="0" coveredconditionals="0" methods="0" coveredmethods="0"/>
        <line num="3" count="7" type="stmt"/>
      </file>
      <file name="mapper.ts" path="/home/ayyub/Desktop/Projects/vue-book-app/src/service/mapper.ts">
        <metrics statements="1" coveredstatements="1" conditionals="20" coveredconditionals="0" methods="1" coveredmethods="0"/>
        <line num="3" count="7" type="stmt"/>
      </file>
    </package>
    <package name="src.stores">
      <metrics statements="41" coveredstatements="6" conditionals="20" coveredconditionals="2" methods="10" coveredmethods="2"/>
      <file name="books.ts" path="/home/ayyub/Desktop/Projects/vue-book-app/src/stores/books.ts">
        <metrics statements="41" coveredstatements="6" conditionals="20" coveredconditionals="2" methods="10" coveredmethods="2"/>
        <line num="31" count="6" type="stmt"/>
        <line num="32" count="2" type="stmt"/>
        <line num="54" count="1" type="cond" truecount="1" falsecount="1"/>
        <line num="55" count="1" type="stmt"/>
        <line num="56" count="1" type="stmt"/>
        <line num="57" count="1" type="stmt"/>
        <line num="58" count="0" type="stmt"/>
        <line num="59" count="0" type="stmt"/>
        <line num="61" count="0" type="stmt"/>
        <line num="63" count="0" type="stmt"/>
        <line num="65" count="0" type="cond" truecount="0" falsecount="2"/>
        <line num="66" count="0" type="stmt"/>
        <line num="67" count="0" type="stmt"/>
        <line num="72" count="0" type="cond" truecount="0" falsecount="4"/>
        <line num="73" count="0" type="stmt"/>
        <line num="74" count="0" type="stmt"/>
        <line num="75" count="0" type="cond" truecount="0" falsecount="2"/>
        <line num="76" count="0" type="stmt"/>
        <line num="77" count="0" type="stmt"/>
        <line num="78" count="0" type="stmt"/>
        <line num="79" count="0" type="stmt"/>
        <line num="81" count="0" type="stmt"/>
        <line num="83" count="0" type="stmt"/>
        <line num="85" count="0" type="cond" truecount="0" falsecount="2"/>
        <line num="86" count="0" type="stmt"/>
        <line num="87" count="0" type="stmt"/>
        <line num="92" count="0" type="cond" truecount="0" falsecount="2"/>
        <line num="93" count="0" type="stmt"/>
        <line num="94" count="0" type="stmt"/>
        <line num="97" count="0" type="stmt"/>
        <line num="99" count="0" type="stmt"/>
        <line num="105" count="0" type="cond" truecount="0" falsecount="2"/>
        <line num="106" count="0" type="stmt"/>
        <line num="107" count="0" type="cond" truecount="0" falsecount="2"/>
        <line num="108" count="0" type="stmt"/>
        <line num="109" count="0" type="stmt"/>
        <line num="111" count="0" type="stmt"/>
        <line num="112" count="0" type="stmt"/>
        <line num="115" count="0" type="stmt"/>
        <line num="116" count="0" type="stmt"/>
        <line num="119" count="0" type="stmt"/>
      </file>
    </package>
    <package name="src.views">
      <metrics statements="68" coveredstatements="27" conditionals="34" coveredconditionals="6" methods="9" coveredmethods="1"/>
      <file name="HomePage.vue" path="/home/ayyub/Desktop/Projects/vue-book-app/src/views/HomePage.vue">
        <metrics statements="15" coveredstatements="7" conditionals="10" coveredconditionals="6" methods="2" coveredmethods="1"/>
        <line num="3" count="6" type="stmt"/>
        <line num="9" count="0" type="stmt"/>
        <line num="31" count="1" type="stmt"/>
        <line num="33" count="1" type="stmt"/>
        <line num="34" count="0" type="cond" truecount="0" falsecount="2"/>
        <line num="35" count="0" type="stmt"/>
        <line num="36" count="0" type="stmt"/>
        <line num="37" count="0" type="stmt"/>
        <line num="39" count="0" type="stmt"/>
        <line num="40" count="0" type="stmt"/>
        <line num="42" count="0" type="stmt"/>
        <line num="46" count="1" type="stmt"/>
        <line num="47" count="1" type="cond" truecount="1" falsecount="1"/>
        <line num="48" count="1" type="stmt"/>
        <line num="49" count="1" type="stmt"/>
      </file>
      <file name="LikedBooks.vue" path="/home/ayyub/Desktop/Projects/vue-book-app/src/views/LikedBooks.vue">
        <metrics statements="3" coveredstatements="1" conditionals="4" coveredconditionals="0" methods="0" coveredmethods="0"/>
        <line num="3" count="6" type="stmt"/>
        <line num="6" count="0" type="stmt"/>
        <line num="24" count="0" type="stmt"/>
      </file>
      <file name="LoginPage.vue" path="/home/ayyub/Desktop/Projects/vue-book-app/src/views/LoginPage.vue">
        <metrics statements="17" coveredstatements="4" conditionals="8" coveredconditionals="0" methods="1" coveredmethods="0"/>
        <line num="3" count="6" type="stmt"/>
        <line num="5" count="6" type="stmt"/>
        <line num="6" count="6" type="stmt"/>
        <line num="18" count="6" type="stmt"/>
        <line num="45" count="0" type="stmt"/>
        <line num="54" count="0" type="stmt"/>
        <line num="56" count="0" type="stmt"/>
        <line num="57" count="0" type="stmt"/>
        <line num="58" count="0" type="stmt"/>
        <line num="59" count="0" type="stmt"/>
        <line num="60" count="0" type="stmt"/>
        <line num="61" count="0" type="stmt"/>
        <line num="62" count="0" type="stmt"/>
        <line num="63" count="0" type="stmt"/>
        <line num="64" count="0" type="stmt"/>
        <line num="66" count="0" type="stmt"/>
        <line num="70" count="0" type="stmt"/>
      </file>
      <file name="SingleBookPage.vue" path="/home/ayyub/Desktop/Projects/vue-book-app/src/views/SingleBookPage.vue">
        <metrics statements="33" coveredstatements="15" conditionals="12" coveredconditionals="0" methods="6" coveredmethods="0"/>
        <line num="7" count="6" type="stmt"/>
        <line num="8" count="6" type="stmt"/>
        <line num="9" count="6" type="stmt"/>
        <line num="12" count="6" type="stmt"/>
        <line num="16" count="6" type="stmt"/>
        <line num="17" count="6" type="stmt"/>
        <line num="20" count="6" type="stmt"/>
        <line num="24" count="0" type="stmt"/>
        <line num="26" count="6" type="stmt"/>
        <line num="27" count="6" type="stmt"/>
        <line num="28" count="0" type="stmt"/>
        <line num="36" count="6" type="stmt"/>
        <line num="38" count="6" type="stmt"/>
        <line num="43" count="6" type="stmt"/>
        <line num="53" count="6" type="stmt"/>
        <line num="56" count="6" type="stmt"/>
        <line num="58" count="6" type="stmt"/>
        <line num="63" count="0" type="stmt"/>
        <line num="75" count="0" type="stmt"/>
        <line num="76" count="0" type="stmt"/>
        <line num="78" count="0" type="stmt"/>
        <line num="80" count="0" type="stmt"/>
        <line num="81" count="0" type="stmt"/>
        <line num="82" count="0" type="stmt"/>
        <line num="84" count="0" type="cond" truecount="0" falsecount="2"/>
        <line num="85" count="0" type="stmt"/>
        <line num="86" count="0" type="stmt"/>
        <line num="87" count="0" type="stmt"/>
        <line num="88" count="0" type="stmt"/>
        <line num="94" count="0" type="stmt"/>
        <line num="96" count="0" type="stmt"/>
        <line num="97" count="0" type="stmt"/>
        <line num="98" count="0" type="stmt"/>
      </file>
    </package>
  </project>
</coverage>
