<?xml version="1.0" encoding="UTF-8"?>
<coverage generated="1695556603373" clover="3.2.0">
  <project timestamp="1695556603373" name="All files">
    <metrics statements="81" coveredstatements="66" conditionals="64" coveredconditionals="29" methods="24" coveredmethods="18" elements="169" coveredelements="113" complexity="0" loc="81" ncloc="81" packages="4" files="11" classes="11"/>
    <package name="src">
      <metrics statements="29" coveredstatements="25" conditionals="15" coveredconditionals="10" methods="8" coveredmethods="8"/>
      <file name="utils.ts" path="/home/ayyub/Desktop/Projects/vue-book-app/src/utils.ts">
        <metrics statements="29" coveredstatements="25" conditionals="15" coveredconditionals="10" methods="8" coveredmethods="8"/>
        <line num="8" count="6" type="stmt"/>
        <line num="9" count="5" type="stmt"/>
        <line num="10" count="5" type="stmt"/>
        <line num="13" count="6" type="stmt"/>
        <line num="14" count="2" type="stmt"/>
        <line num="17" count="6" type="stmt"/>
        <line num="22" count="4" type="stmt"/>
        <line num="26" count="4" type="stmt"/>
        <line num="28" count="4" type="cond" truecount="4" falsecount="0"/>
        <line num="29" count="2" type="cond" truecount="1" falsecount="1"/>
        <line num="31" count="2" type="cond" truecount="1" falsecount="1"/>
        <line num="35" count="2" type="stmt"/>
        <line num="37" count="2" type="stmt"/>
        <line num="40" count="2" type="stmt"/>
        <line num="43" count="6" type="stmt"/>
        <line num="44" count="1" type="stmt"/>
        <line num="45" count="1" type="stmt"/>
        <line num="46" count="1" type="stmt"/>
        <line num="51" count="6" type="stmt"/>
        <line num="52" count="1" type="stmt"/>
        <line num="53" count="1" type="stmt"/>
        <line num="56" count="6" type="stmt"/>
        <line num="57" count="1" type="stmt"/>
        <line num="58" count="1" type="cond" truecount="1" falsecount="1"/>
        <line num="59" count="0" type="stmt"/>
        <line num="61" count="0" type="cond" truecount="0" falsecount="2"/>
        <line num="62" count="0" type="stmt"/>
        <line num="64" count="0" type="stmt"/>
        <line num="67" count="1" type="stmt"/>
      </file>
    </package>
    <package name="src.components">
      <metrics statements="30" coveredstatements="25" conditionals="20" coveredconditionals="17" methods="10" coveredmethods="5"/>
      <file name="LikeBooksNavbar.vue" path="/home/ayyub/Desktop/Projects/vue-book-app/src/components/LikeBooksNavbar.vue">
        <metrics statements="5" coveredstatements="5" conditionals="4" coveredconditionals="4" methods="2" coveredmethods="2"/>
        <line num="3" count="6" type="stmt"/>
        <line num="5" count="6" type="stmt"/>
        <line num="9" count="1" type="stmt"/>
        <line num="16" count="6" type="stmt"/>
        <line num="20" count="1" type="cond" truecount="4" falsecount="0"/>
      </file>
      <file name="LoadingItem.vue" path="/home/ayyub/Desktop/Projects/vue-book-app/src/components/LoadingItem.vue">
        <metrics statements="1" coveredstatements="1" conditionals="0" coveredconditionals="0" methods="0" coveredmethods="0"/>
        <line num="2" count="6" type="stmt"/>
      </file>
      <file name="NavBar.vue" path="/home/ayyub/Desktop/Projects/vue-book-app/src/components/NavBar.vue">
        <metrics statements="7" coveredstatements="6" conditionals="8" coveredconditionals="6" methods="3" coveredmethods="2"/>
        <line num="3" count="6" type="stmt"/>
        <line num="5" count="6" type="stmt"/>
        <line num="9" count="3" type="stmt"/>
        <line num="14" count="6" type="stmt"/>
        <line num="15" count="6" type="stmt"/>
        <line num="17" count="6" type="stmt"/>
        <line num="26" count="0" type="cond" truecount="2" falsecount="2"/>
      </file>
      <file name="SearchBar.vue" path="/home/ayyub/Desktop/Projects/vue-book-app/src/components/SearchBar.vue">
        <metrics statements="4" coveredstatements="2" conditionals="4" coveredconditionals="4" methods="2" coveredmethods="0"/>
        <line num="3" count="0" type="cond" truecount="2" falsecount="0"/>
        <line num="8" count="0" type="stmt"/>
        <line num="10" count="6" type="stmt"/>
        <line num="21" count="4" type="stmt"/>
      </file>
      <file name="bookItem.vue" path="/home/ayyub/Desktop/Projects/vue-book-app/src/components/bookItem.vue">
        <metrics statements="13" coveredstatements="11" conditionals="4" coveredconditionals="3" methods="3" coveredmethods="1"/>
        <line num="2" count="6" type="stmt"/>
        <line num="4" count="6" type="stmt"/>
        <line num="7" count="6" type="stmt"/>
        <line num="9" count="1" type="stmt"/>
        <line num="18" count="6" type="stmt"/>
        <line num="19" count="6" type="stmt"/>
        <line num="20" count="6" type="stmt"/>
        <line num="21" count="6" type="stmt"/>
        <line num="22" count="0" type="stmt"/>
        <line num="25" count="6" type="stmt"/>
        <line num="26" count="6" type="stmt"/>
        <line num="30" count="0" type="cond" truecount="2" falsecount="0"/>
        <line num="47" count="1" type="stmt"/>
      </file>
    </package>
    <package name="src.router">
      <metrics statements="13" coveredstatements="7" conditionals="8" coveredconditionals="2" methods="2" coveredmethods="2"/>
      <file name="index.ts" path="/home/ayyub/Desktop/Projects/vue-book-app/src/router/index.ts">
        <metrics statements="13" coveredstatements="7" conditionals="8" coveredconditionals="2" methods="2" coveredmethods="2"/>
        <line num="6" count="6" type="stmt"/>
        <line num="30" count="1" type="stmt"/>
        <line num="35" count="6" type="stmt"/>
        <line num="36" count="1" type="stmt"/>
        <line num="38" count="1" type="cond" truecount="1" falsecount="1"/>
        <line num="39" count="1" type="cond" truecount="1" falsecount="1"/>
        <line num="40" count="1" type="stmt"/>
        <line num="42" count="0" type="stmt"/>
        <line num="44" count="0" type="cond" truecount="0" falsecount="2"/>
        <line num="45" count="0" type="cond" truecount="0" falsecount="2"/>
        <line num="46" count="0" type="stmt"/>
        <line num="48" count="0" type="stmt"/>
        <line num="51" count="0" type="stmt"/>
      </file>
    </package>
    <package name="src.service">
      <metrics statements="9" coveredstatements="9" conditionals="21" coveredconditionals="0" methods="4" coveredmethods="3"/>
      <file name="api.ts" path="/home/ayyub/Desktop/Projects/vue-book-app/src/service/api.ts">
        <metrics statements="6" coveredstatements="6" conditionals="1" coveredconditionals="0" methods="3" coveredmethods="3"/>
        <line num="5" count="7" type="cond" truecount="0" falsecount="1"/>
        <line num="6" count="2" type="stmt"/>
        <line num="11" count="7" type="stmt"/>
        <line num="12" count="1" type="stmt"/>
        <line num="17" count="7" type="stmt"/>
        <line num="18" count="1" type="stmt"/>
      </file>
      <file name="config.ts" path="/home/ayyub/Desktop/Projects/vue-book-app/src/service/config.ts">
        <metrics statements="1" coveredstatements="1" conditionals="0" coveredconditionals="0" methods="0" coveredmethods="0"/>
        <line num="1" count="7" type="stmt"/>
      </file>
      <file name="http.ts" path="/home/ayyub/Desktop/Projects/vue-book-app/src/service/http.ts">
        <metrics statements="1" coveredstatements="1" conditionals="0" coveredconditionals="0" methods="0" coveredmethods="0"/>
        <line num="3" count="7" type="stmt"/>
      </file>
      <file name="mapper.ts" path="/home/ayyub/Desktop/Projects/vue-book-app/src/service/mapper.ts">
        <metrics statements="1" coveredstatements="1" conditionals="20" coveredconditionals="0" methods="1" coveredmethods="0"/>
        <line num="3" count="7" type="stmt"/>
      </file>
    </package>
  </project>
</coverage>
