{"/home/ayyub/Desktop/Projects/vue-book-app/src/utils.ts": {"path":"/home/ayyub/Desktop/Projects/vue-book-app/src/utils.ts","statementMap":{"0":{"start":{"line":8,"column":28},"end":{"line":11,"column":null}},"1":{"start":{"line":9,"column":18},"end":{"line":9,"column":null}},"2":{"start":{"line":10,"column":2},"end":{"line":10,"column":null}},"3":{"start":{"line":13,"column":29},"end":{"line":15,"column":null}},"4":{"start":{"line":14,"column":2},"end":{"line":14,"column":null}},"5":{"start":{"line":17,"column":30},"end":{"line":41,"column":null}},"6":{"start":{"line":22,"column":65},"end":{"line":24,"column":null}},"7":{"start":{"line":26,"column":2},"end":{"line":26,"column":null}},"8":{"start":{"line":28,"column":2},"end":{"line":38,"column":null}},"9":{"start":{"line":29,"column":20},"end":{"line":29,"column":null}},"10":{"start":{"line":31,"column":6},"end":{"line":33,"column":null}},"11":{"start":{"line":35,"column":10},"end":{"line":35,"column":null}},"12":{"start":{"line":37,"column":4},"end":{"line":37,"column":null}},"13":{"start":{"line":40,"column":2},"end":{"line":40,"column":null}},"14":{"start":{"line":43,"column":21},"end":{"line":49,"column":null}},"15":{"start":{"line":44,"column":2},"end":{"line":48,"column":null}},"16":{"start":{"line":45,"column":4},"end":{"line":47,"column":null}},"17":{"start":{"line":46,"column":6},"end":{"line":46,"column":null}},"18":{"start":{"line":51,"column":22},"end":{"line":54,"column":null}},"19":{"start":{"line":52,"column":2},"end":{"line":52,"column":null}},"20":{"start":{"line":53,"column":2},"end":{"line":53,"column":null}},"21":{"start":{"line":56,"column":39},"end":{"line":69,"column":null}},"22":{"start":{"line":57,"column":19},"end":{"line":57,"column":null}},"23":{"start":{"line":58,"column":2},"end":{"line":68,"column":null}},"24":{"start":{"line":59,"column":27},"end":{"line":59,"column":null}},"25":{"start":{"line":61,"column":4},"end":{"line":65,"column":null}},"26":{"start":{"line":62,"column":6},"end":{"line":62,"column":null}},"27":{"start":{"line":64,"column":6},"end":{"line":64,"column":null}},"28":{"start":{"line":67,"column":4},"end":{"line":67,"column":null}}},"fnMap":{"0":{"name":"(anonymous_0)","decl":{"start":{"line":8,"column":28},"end":{"line":8,"column":29}},"loc":{"start":{"line":8,"column":47},"end":{"line":11,"column":null}}},"1":{"name":"(anonymous_1)","decl":{"start":{"line":13,"column":29},"end":{"line":13,"column":30}},"loc":{"start":{"line":13,"column":58},"end":{"line":15,"column":null}}},"2":{"name":"(anonymous_2)","decl":{"start":{"line":17,"column":30},"end":{"line":17,"column":null}},"loc":{"start":{"line":21,"column":5},"end":{"line":41,"column":null}}},"3":{"name":"(anonymous_3)","decl":{"start":{"line":43,"column":21},"end":{"line":43,"column":28}},"loc":{"start":{"line":43,"column":62},"end":{"line":49,"column":null}}},"4":{"name":"(anonymous_4)","decl":{"start":{"line":44,"column":21},"end":{"line":44,"column":22}},"loc":{"start":{"line":45,"column":4},"end":{"line":47,"column":null}}},"5":{"name":"(anonymous_5)","decl":{"start":{"line":45,"column":15},"end":{"line":45,"column":21}},"loc":{"start":{"line":45,"column":21},"end":{"line":47,"column":7}}},"6":{"name":"(anonymous_6)","decl":{"start":{"line":51,"column":22},"end":{"line":51,"column":28}},"loc":{"start":{"line":51,"column":28},"end":{"line":54,"column":null}}},"7":{"name":"(anonymous_7)","decl":{"start":{"line":56,"column":39},"end":{"line":56,"column":45}},"loc":{"start":{"line":56,"column":45},"end":{"line":69,"column":null}}}},"branchMap":{"0":{"loc":{"start":{"line":18,"column":2},"end":{"line":18,"column":null}},"type":"default-arg","locations":[{"start":{"line":18,"column":16},"end":{"line":18,"column":null}}]},"1":{"loc":{"start":{"line":19,"column":2},"end":{"line":19,"column":null}},"type":"default-arg","locations":[{"start":{"line":19,"column":23},"end":{"line":19,"column":null}}]},"2":{"loc":{"start":{"line":20,"column":2},"end":{"line":20,"column":null}},"type":"default-arg","locations":[{"start":{"line":20,"column":23},"end":{"line":20,"column":null}}]},"3":{"loc":{"start":{"line":28,"column":2},"end":{"line":38,"column":null}},"type":"if","locations":[{"start":{"line":28,"column":2},"end":{"line":38,"column":null}},{"start":{"line":28,"column":2},"end":{"line":38,"column":null}}]},"4":{"loc":{"start":{"line":28,"column":6},"end":{"line":28,"column":46}},"type":"binary-expr","locations":[{"start":{"line":28,"column":6},"end":{"line":28,"column":26}},{"start":{"line":28,"column":26},"end":{"line":28,"column":46}}]},"5":{"loc":{"start":{"line":29,"column":20},"end":{"line":29,"column":null}},"type":"cond-expr","locations":[{"start":{"line":29,"column":41},"end":{"line":29,"column":65}},{"start":{"line":29,"column":65},"end":{"line":29,"column":null}}]},"6":{"loc":{"start":{"line":31,"column":6},"end":{"line":33,"column":null}},"type":"cond-expr","locations":[{"start":{"line":32,"column":10},"end":{"line":32,"column":null}},{"start":{"line":33,"column":10},"end":{"line":33,"column":null}}]},"7":{"loc":{"start":{"line":58,"column":2},"end":{"line":68,"column":null}},"type":"if","locations":[{"start":{"line":58,"column":2},"end":{"line":68,"column":null}},{"start":{"line":66,"column":9},"end":{"line":68,"column":null}}]},"8":{"loc":{"start":{"line":61,"column":4},"end":{"line":65,"column":null}},"type":"if","locations":[{"start":{"line":61,"column":4},"end":{"line":65,"column":null}},{"start":{"line":63,"column":11},"end":{"line":65,"column":null}}]}},"s":{"0":6,"1":5,"2":5,"3":6,"4":2,"5":6,"6":4,"7":4,"8":4,"9":2,"10":2,"11":2,"12":2,"13":2,"14":6,"15":1,"16":1,"17":1,"18":6,"19":1,"20":1,"21":6,"22":1,"23":1,"24":0,"25":0,"26":0,"27":0,"28":1},"f":{"0":5,"1":2,"2":4,"3":1,"4":1,"5":1,"6":1,"7":1},"b":{"0":[1],"1":[1],"2":[2],"3":[2,2],"4":[4,4],"5":[2,0],"6":[2,0],"7":[0,1],"8":[0,0]}}
,"/home/ayyub/Desktop/Projects/vue-book-app/src/components/LikeBooksNavbar.vue": {"path":"/home/ayyub/Desktop/Projects/vue-book-app/src/components/LikeBooksNavbar.vue","statementMap":{"0":{"start":{"line":3,"column":4},"end":{"line":3,"column":null}},"1":{"start":{"line":5,"column":9},"end":{"line":5,"column":null}},"2":{"start":{"line":16,"column":9},"end":{"line":16,"column":null}},"3":{"start":{"line":9,"column":12},"end":{"line":10,"column":11}},"4":{"start":{"line":20,"column":16},"end":{"line":20,"column":null}}},"fnMap":{"0":{"name":"(anonymous_4)","decl":{"start":{"line":7,"column":8},"end":{"line":7,"column":11}},"loc":{"start":{"line":9,"column":12},"end":{"line":10,"column":11}}},"1":{"name":"(anonymous_5)","decl":{"start":{"line":20,"column":14},"end":{"line":20,"column":16}},"loc":{"start":{"line":20,"column":16},"end":{"line":20,"column":null}}}},"branchMap":{"0":{"loc":{"start":{"line":20,"column":14},"end":{"line":20,"column":null}},"type":"binary-expr","locations":[{"start":{"line":20,"column":14},"end":{"line":20,"column":16}},{"start":{"line":20,"column":14},"end":{"line":20,"column":null}}]},"1":{"loc":{"start":{"line":20,"column":16},"end":{"line":20,"column":null}},"type":"binary-expr","locations":[{"start":{"line":20,"column":16},"end":{"line":20,"column":null}},{"start":{"line":20,"column":16},"end":{"line":20,"column":null}}]}},"s":{"0":6,"1":6,"2":6,"3":1,"4":1},"f":{"0":1,"1":1},"b":{"0":[1,1],"1":[1,1]}}
,"/home/ayyub/Desktop/Projects/vue-book-app/src/components/LoadingItem.vue": {"path":"/home/ayyub/Desktop/Projects/vue-book-app/src/components/LoadingItem.vue","statementMap":{"0":{"start":{"line":2,"column":7},"end":{"line":2,"column":null}}},"fnMap":{},"branchMap":{},"s":{"0":6},"f":{},"b":{}}
,"/home/ayyub/Desktop/Projects/vue-book-app/src/components/NavBar.vue": {"path":"/home/ayyub/Desktop/Projects/vue-book-app/src/components/NavBar.vue","statementMap":{"0":{"start":{"line":3,"column":4},"end":{"line":3,"column":null}},"1":{"start":{"line":5,"column":9},"end":{"line":5,"column":null}},"2":{"start":{"line":14,"column":9},"end":{"line":14,"column":null}},"3":{"start":{"line":15,"column":11},"end":{"line":15,"column":null}},"4":{"start":{"line":17,"column":10},"end":{"line":17,"column":52}},"5":{"start":{"line":9,"column":12},"end":{"line":10,"column":11}},"6":{"start":{"line":17,"column":52},"end":{"line":17,"column":16}},"7":{"start":{"line":26,"column":37},"end":{"line":26,"column":null}}},"fnMap":{"0":{"name":"(anonymous_7)","decl":{"start":{"line":7,"column":8},"end":{"line":7,"column":11}},"loc":{"start":{"line":9,"column":12},"end":{"line":10,"column":11}}},"1":{"name":"(anonymous_8)","decl":{"start":{"line":17,"column":10},"end":{"line":17,"column":16}},"loc":{"start":{"line":17,"column":52},"end":{"line":17,"column":16}}},"2":{"name":"(anonymous_9)","decl":{"start":{"line":26,"column":35},"end":{"line":26,"column":37}},"loc":{"start":{"line":26,"column":37},"end":{"line":26,"column":null}}}},"branchMap":{"0":{"loc":{"start":{"line":20,"column":16},"end":{"line":20,"column":null}},"type":"cond-expr","locations":[{"start":{"line":20,"column":43},"end":{"line":20,"column":55}},{"start":{"line":20,"column":55},"end":{"line":20,"column":null}}]},"1":{"loc":{"start":{"line":21,"column":18},"end":{"line":21,"column":null}},"type":"cond-expr","locations":[{"start":{"line":21,"column":41},"end":{"line":21,"column":null}},{"start":{"line":21,"column":41},"end":{"line":21,"column":null}}]},"2":{"loc":{"start":{"line":26,"column":35},"end":{"line":26,"column":null}},"type":"binary-expr","locations":[{"start":{"line":26,"column":35},"end":{"line":26,"column":37}},{"start":{"line":26,"column":35},"end":{"line":26,"column":null}}]},"3":{"loc":{"start":{"line":26,"column":37},"end":{"line":26,"column":null}},"type":"binary-expr","locations":[{"start":{"line":26,"column":37},"end":{"line":26,"column":null}},{"start":{"line":26,"column":37},"end":{"line":26,"column":null}}]}},"s":{"0":6,"1":6,"2":6,"3":6,"4":6,"5":3,"6":3,"7":0},"f":{"0":3,"1":3,"2":0},"b":{"0":[2,1],"1":[2,1],"2":[3,3],"3":[0,0]}}
,"/home/ayyub/Desktop/Projects/vue-book-app/src/components/SearchBar.vue": {"path":"/home/ayyub/Desktop/Projects/vue-book-app/src/components/SearchBar.vue","statementMap":{"0":{"start":{"line":21,"column":16},"end":{"line":21,"column":null}},"1":{"start":{"line":10,"column":6},"end":{"line":13,"column":22}},"2":{"start":{"line":3,"column":33},"end":{"line":3,"column":56}},"3":{"start":{"line":8,"column":17},"end":{"line":8,"column":null}}},"fnMap":{"0":{"name":"(anonymous_2)","decl":{"start":{"line":3,"column":17},"end":{"line":3,"column":33}},"loc":{"start":{"line":3,"column":33},"end":{"line":3,"column":56}}},"1":{"name":"(anonymous_3)","decl":{"start":{"line":7,"column":20},"end":{"line":7,"column":null}},"loc":{"start":{"line":8,"column":17},"end":{"line":8,"column":null}}}},"branchMap":{"0":{"loc":{"start":{"line":3,"column":17},"end":{"line":3,"column":56}},"type":"binary-expr","locations":[{"start":{"line":3,"column":17},"end":{"line":3,"column":33}},{"start":{"line":3,"column":17},"end":{"line":3,"column":56}}]},"1":{"loc":{"start":{"line":7,"column":20},"end":{"line":8,"column":null}},"type":"binary-expr","locations":[{"start":{"line":7,"column":20},"end":{"line":7,"column":null}},{"start":{"line":7,"column":20},"end":{"line":8,"column":null}}]}},"s":{"0":4,"1":6,"2":0,"3":0},"f":{"0":0,"1":0},"b":{"0":[4,4],"1":[4,4]}}
,"/home/ayyub/Desktop/Projects/vue-book-app/src/components/bookItem.vue": {"path":"/home/ayyub/Desktop/Projects/vue-book-app/src/components/bookItem.vue","statementMap":{"0":{"start":{"line":47,"column":18},"end":{"line":47,"column":null}},"1":{"start":{"line":2,"column":7},"end":{"line":2,"column":null}},"2":{"start":{"line":4,"column":6},"end":{"line":4,"column":null}},"3":{"start":{"line":7,"column":8},"end":{"line":8,"column":null}},"4":{"start":{"line":18,"column":9},"end":{"line":18,"column":null}},"5":{"start":{"line":19,"column":12},"end":{"line":19,"column":56}},"6":{"start":{"line":20,"column":7},"end":{"line":20,"column":null}},"7":{"start":{"line":21,"column":12},"end":{"line":21,"column":null}},"8":{"start":{"line":25,"column":11},"end":{"line":25,"column":null}},"9":{"start":{"line":26,"column":8},"end":{"line":26,"column":50}},"10":{"start":{"line":9,"column":15},"end":{"line":7,"column":null}},"11":{"start":{"line":22,"column":9},"end":{"line":22,"column":92}},"12":{"start":{"line":30,"column":18},"end":{"line":30,"column":null}}},"fnMap":{"0":{"name":"(anonymous_4)","decl":{"start":{"line":7,"column":8},"end":{"line":7,"column":null}},"loc":{"start":{"line":9,"column":15},"end":{"line":7,"column":null}}},"1":{"name":"(anonymous_5)","decl":{"start":{"line":22,"column":51},"end":{"line":22,"column":60}},"loc":{"start":{"line":22,"column":28},"end":{"line":22,"column":92}}},"2":{"name":"(anonymous_6)","decl":{"start":{"line":30,"column":16},"end":{"line":30,"column":18}},"loc":{"start":{"line":30,"column":18},"end":{"line":30,"column":null}}}},"branchMap":{"0":{"loc":{"start":{"line":28,"column":16},"end":{"line":28,"column":null}},"type":"cond-expr","locations":[{"start":{"line":28,"column":32},"end":{"line":28,"column":44}},{"start":{"line":28,"column":44},"end":{"line":28,"column":null}}]},"1":{"loc":{"start":{"line":30,"column":16},"end":{"line":30,"column":null}},"type":"binary-expr","locations":[{"start":{"line":30,"column":16},"end":{"line":30,"column":18}},{"start":{"line":30,"column":16},"end":{"line":30,"column":null}}]}},"s":{"0":1,"1":6,"2":6,"3":6,"4":6,"5":6,"6":6,"7":6,"8":6,"9":6,"10":1,"11":0,"12":0},"f":{"0":1,"1":0,"2":0},"b":{"0":[0,1],"1":[1,1]}}
,"/home/ayyub/Desktop/Projects/vue-book-app/src/router/index.ts": {"path":"/home/ayyub/Desktop/Projects/vue-book-app/src/router/index.ts","statementMap":{"0":{"start":{"line":6,"column":15},"end":{"line":33,"column":null}},"1":{"start":{"line":30,"column":23},"end":{"line":30,"column":null}},"2":{"start":{"line":35,"column":0},"end":{"line":53,"column":null}},"3":{"start":{"line":36,"column":28},"end":{"line":36,"column":null}},"4":{"start":{"line":38,"column":2},"end":{"line":52,"column":null}},"5":{"start":{"line":39,"column":4},"end":{"line":43,"column":null}},"6":{"start":{"line":40,"column":6},"end":{"line":40,"column":null}},"7":{"start":{"line":42,"column":6},"end":{"line":42,"column":null}},"8":{"start":{"line":44,"column":2},"end":{"line":52,"column":null}},"9":{"start":{"line":45,"column":4},"end":{"line":49,"column":null}},"10":{"start":{"line":46,"column":6},"end":{"line":46,"column":null}},"11":{"start":{"line":48,"column":6},"end":{"line":48,"column":null}},"12":{"start":{"line":51,"column":4},"end":{"line":51,"column":null}}},"fnMap":{"0":{"name":"(anonymous_0)","decl":{"start":{"line":30,"column":17},"end":{"line":30,"column":23}},"loc":{"start":{"line":30,"column":23},"end":{"line":30,"column":null}}},"1":{"name":"(anonymous_1)","decl":{"start":{"line":35,"column":18},"end":{"line":35,"column":19}},"loc":{"start":{"line":35,"column":38},"end":{"line":53,"column":1}}}},"branchMap":{"0":{"loc":{"start":{"line":38,"column":2},"end":{"line":52,"column":null}},"type":"if","locations":[{"start":{"line":38,"column":2},"end":{"line":52,"column":null}},{"start":{"line":44,"column":2},"end":{"line":52,"column":null}}]},"1":{"loc":{"start":{"line":39,"column":4},"end":{"line":43,"column":null}},"type":"if","locations":[{"start":{"line":39,"column":4},"end":{"line":43,"column":null}},{"start":{"line":41,"column":11},"end":{"line":43,"column":null}}]},"2":{"loc":{"start":{"line":44,"column":2},"end":{"line":52,"column":null}},"type":"if","locations":[{"start":{"line":44,"column":2},"end":{"line":52,"column":null}},{"start":{"line":50,"column":9},"end":{"line":52,"column":null}}]},"3":{"loc":{"start":{"line":45,"column":4},"end":{"line":49,"column":null}},"type":"if","locations":[{"start":{"line":45,"column":4},"end":{"line":49,"column":null}},{"start":{"line":47,"column":11},"end":{"line":49,"column":null}}]}},"s":{"0":6,"1":1,"2":6,"3":1,"4":1,"5":1,"6":1,"7":0,"8":0,"9":0,"10":0,"11":0,"12":0},"f":{"0":1,"1":1},"b":{"0":[1,0],"1":[1,0],"2":[0,0],"3":[0,0]}}
,"/home/ayyub/Desktop/Projects/vue-book-app/src/service/api.ts": {"path":"/home/ayyub/Desktop/Projects/vue-book-app/src/service/api.ts","statementMap":{"0":{"start":{"line":5,"column":26},"end":{"line":9,"column":null}},"1":{"start":{"line":6,"column":2},"end":{"line":8,"column":null}},"2":{"start":{"line":11,"column":34},"end":{"line":15,"column":null}},"3":{"start":{"line":12,"column":2},"end":{"line":14,"column":null}},"4":{"start":{"line":17,"column":31},"end":{"line":18,"column":null}},"5":{"start":{"line":18,"column":2},"end":{"line":18,"column":null}}},"fnMap":{"0":{"name":"(anonymous_0)","decl":{"start":{"line":5,"column":26},"end":{"line":5,"column":27}},"loc":{"start":{"line":5,"column":54},"end":{"line":9,"column":null}}},"1":{"name":"(anonymous_1)","decl":{"start":{"line":11,"column":34},"end":{"line":11,"column":35}},"loc":{"start":{"line":11,"column":53},"end":{"line":15,"column":null}}},"2":{"name":"(anonymous_2)","decl":{"start":{"line":17,"column":31},"end":{"line":17,"column":32}},"loc":{"start":{"line":18,"column":2},"end":{"line":18,"column":null}}}},"branchMap":{"0":{"loc":{"start":{"line":5,"column":27},"end":{"line":5,"column":54}},"type":"default-arg","locations":[{"start":{"line":5,"column":36},"end":{"line":5,"column":54}}]}},"s":{"0":7,"1":2,"2":7,"3":1,"4":7,"5":1},"f":{"0":2,"1":1,"2":1},"b":{"0":[0]}}
,"/home/ayyub/Desktop/Projects/vue-book-app/src/service/config.ts": {"path":"/home/ayyub/Desktop/Projects/vue-book-app/src/service/config.ts","statementMap":{"0":{"start":{"line":1,"column":30},"end":{"line":1,"column":null}}},"fnMap":{},"branchMap":{},"s":{"0":7},"f":{},"b":{}}
,"/home/ayyub/Desktop/Projects/vue-book-app/src/service/http.ts": {"path":"/home/ayyub/Desktop/Projects/vue-book-app/src/service/http.ts","statementMap":{"0":{"start":{"line":3,"column":13},"end":{"line":5,"column":null}}},"fnMap":{},"branchMap":{},"s":{"0":7},"f":{},"b":{}}
,"/home/ayyub/Desktop/Projects/vue-book-app/src/service/mapper.ts": {"path":"/home/ayyub/Desktop/Projects/vue-book-app/src/service/mapper.ts","statementMap":{"0":{"start":{"line":3,"column":20},"end":{"line":14,"column":null}},"1":{"start":{"line":3,"column":36},"end":{"line":14,"column":null}}},"fnMap":{"0":{"name":"(anonymous_0)","decl":{"start":{"line":3,"column":20},"end":{"line":3,"column":21}},"loc":{"start":{"line":3,"column":36},"end":{"line":14,"column":null}}}},"branchMap":{"0":{"loc":{"start":{"line":4,"column":6},"end":{"line":4,"column":null}},"type":"binary-expr","locations":[{"start":{"line":4,"column":6},"end":{"line":4,"column":25}},{"start":{"line":4,"column":25},"end":{"line":4,"column":null}}]},"1":{"loc":{"start":{"line":5,"column":9},"end":{"line":5,"column":null}},"type":"binary-expr","locations":[{"start":{"line":5,"column":9},"end":{"line":5,"column":42}},{"start":{"line":5,"column":42},"end":{"line":5,"column":null}}]},"2":{"loc":{"start":{"line":6,"column":15},"end":{"line":6,"column":null}},"type":"binary-expr","locations":[{"start":{"line":6,"column":15},"end":{"line":6,"column":54}},{"start":{"line":6,"column":54},"end":{"line":6,"column":null}}]},"3":{"loc":{"start":{"line":7,"column":11},"end":{"line":7,"column":null}},"type":"binary-expr","locations":[{"start":{"line":7,"column":11},"end":{"line":7,"column":58}},{"start":{"line":7,"column":58},"end":{"line":7,"column":null}}]},"4":{"loc":{"start":{"line":8,"column":15},"end":{"line":8,"column":null}},"type":"binary-expr","locations":[{"start":{"line":8,"column":15},"end":{"line":8,"column":56}},{"start":{"line":8,"column":56},"end":{"line":8,"column":null}}]},"5":{"loc":{"start":{"line":9,"column":15},"end":{"line":9,"column":null}},"type":"binary-expr","locations":[{"start":{"line":9,"column":15},"end":{"line":9,"column":54}},{"start":{"line":9,"column":54},"end":{"line":9,"column":null}}]},"6":{"loc":{"start":{"line":10,"column":9},"end":{"line":10,"column":null}},"type":"binary-expr","locations":[{"start":{"line":10,"column":9},"end":{"line":10,"column":57}},{"start":{"line":10,"column":57},"end":{"line":10,"column":null}}]},"7":{"loc":{"start":{"line":11,"column":11},"end":{"line":11,"column":null}},"type":"binary-expr","locations":[{"start":{"line":11,"column":11},"end":{"line":11,"column":46}},{"start":{"line":11,"column":46},"end":{"line":11,"column":null}}]},"8":{"loc":{"start":{"line":12,"column":12},"end":{"line":12,"column":null}},"type":"binary-expr","locations":[{"start":{"line":12,"column":12},"end":{"line":12,"column":37}},{"start":{"line":12,"column":37},"end":{"line":12,"column":null}}]},"9":{"loc":{"start":{"line":13,"column":11},"end":{"line":13,"column":null}},"type":"binary-expr","locations":[{"start":{"line":13,"column":11},"end":{"line":13,"column":35}},{"start":{"line":13,"column":35},"end":{"line":13,"column":null}}]}},"s":{"0":7,"1":0},"f":{"0":0},"b":{"0":[0,0],"1":[0,0],"2":[0,0],"3":[0,0],"4":[0,0],"5":[0,0],"6":[0,0],"7":[0,0],"8":[0,0],"9":[0,0]}}
}
